# JRE version: Java(TM) SE Runtime Environment (11.0.2+9) (build 11.0.2+9-LTS)
# Java VM: Java HotSpot(TM) 64-Bit Server VM (11.0.2+9-LTS, mixed mode, tiered, compressed oops, g1 gc, windows-amd64)
Heap:
 garbage-first heap   total 39936K, used 23853K [0x00000000e0400000, 0x0000000100000000)
  region size 1024K, 16 young (16384K), 2 survivors (2048K)
 Metaspace       used 30542K, capacity 31505K, committed 31616K, reserved 1077248K
  class space    used 3804K, capacity 4160K, committed 4224K, reserved 1048576K
GC Heap History (10 events):
Event: 4.959 GC heap before
{Heap before GC invocations=9 (full 0):
 garbage-first heap   total 32768K, used 18472K [0x00000000e0400000, 0x0000000100000000)
  region size 1024K, 14 young (14336K), 2 survivors (2048K)
 Metaspace       used 25223K, capacity 25949K, committed 26240K, reserved 1073152K
  class space    used 3074K, capacity 3360K, committed 3456K, reserved 1048576K
}
Event: 4.965 GC heap after
{Heap after GC invocations=10 (full 0):
 garbage-first heap   total 32768K, used 7794K [0x00000000e0400000, 0x0000000100000000)
  region size 1024K, 2 young (2048K), 2 survivors (2048K)
 Metaspace       used 25223K, capacity 25949K, committed 26240K, reserved 1073152K
  class space    used 3074K, capacity 3360K, committed 3456K, reserved 1048576K
}
Event: 5.599 GC heap before
{Heap before GC invocations=10 (full 0):
 garbage-first heap   total 32768K, used 20082K [0x00000000e0400000, 0x0000000100000000)
  region size 1024K, 14 young (14336K), 2 survivors (2048K)
 Metaspace       used 26951K, capacity 27717K, committed 28032K, reserved 1073152K
  class space    used 3285K, capacity 3590K, committed 3712K, reserved 1048576K
}
Event: 5.604 GC heap after
{Heap after GC invocations=11 (full 0):
 garbage-first heap   total 32768K, used 8508K [0x00000000e0400000, 0x0000000100000000)
  region size 1024K, 2 young (2048K), 2 survivors (2048K)
 Metaspace       used 26951K, capacity 27717K, committed 28032K, reserved 1073152K
  class space    used 3285K, capacity 3590K, committed 3712K, reserved 1048576K
}
Event: 6.447 GC heap before
{Heap before GC invocations=11 (full 0):
 garbage-first heap   total 32768K, used 20796K [0x00000000e0400000, 0x0000000100000000)
  region size 1024K, 14 young (14336K), 2 survivors (2048K)
 Metaspace       used 27148K, capacity 27971K, committed 28288K, reserved 1073152K
  class space    used 3323K, capacity 3630K, committed 3712K, reserved 1048576K
}
Event: 6.452 GC heap after
{Heap after GC invocations=12 (full 0):
 garbage-first heap   total 32768K, used 9254K [0x00000000e0400000, 0x0000000100000000)
  region size 1024K, 2 young (2048K), 2 survivors (2048K)
 Metaspace       used 27148K, capacity 27971K, committed 28288K, reserved 1073152K
  class space    used 3323K, capacity 3630K, committed 3712K, reserved 1048576K
}
Event: 6.855 GC heap before
{Heap before GC invocations=12 (full 0):
 garbage-first heap   total 32768K, used 22566K [0x00000000e0400000, 0x0000000100000000)
  region size 1024K, 15 young (15360K), 2 survivors (2048K)
 Metaspace       used 28125K, capacity 28976K, committed 29184K, reserved 1075200K
  class space    used 3465K, capacity 3787K, committed 3840K, reserved 1048576K
}
Event: 6.861 GC heap after
{Heap after GC invocations=13 (full 0):
 garbage-first heap   total 39936K, used 9859K [0x00000000e0400000, 0x0000000100000000)
  region size 1024K, 2 young (2048K), 2 survivors (2048K)
 Metaspace       used 28125K, capacity 28976K, committed 29184K, reserved 1075200K
  class space    used 3465K, capacity 3787K, committed 3840K, reserved 1048576K
}
Event: 7.264 GC heap before
{Heap before GC invocations=13 (full 0):
 garbage-first heap   total 39936K, used 25219K [0x00000000e0400000, 0x0000000100000000)
  region size 1024K, 17 young (17408K), 2 survivors (2048K)
 Metaspace       used 29418K, capacity 30295K, committed 30464K, reserved 1075200K
  class space    used 3640K, capacity 3990K, committed 4096K, reserved 1048576K
}
Event: 7.269 GC heap after
{Heap after GC invocations=14 (full 0):
 garbage-first heap   total 39936K, used 10541K [0x00000000e0400000, 0x0000000100000000)
  region size 1024K, 2 young (2048K), 2 survivors (2048K)
 Metaspace       used 29418K, capacity 30295K, committed 30464K, reserved 1075200K
  class space    used 3640K, capacity 3990K, committed 4096K, reserved 1048576K
}

