# JRE version: Java(TM) SE Runtime Environment (11.0.2+9) (build 11.0.2+9-LTS)
# Java VM: Java HotSpot(TM) 64-Bit Server VM (11.0.2+9-LTS, mixed mode, tiered, compressed oops, g1 gc, windows-amd64)
Heap:
 garbage-first heap   total 52224K, used 6849K [0x00000000e0400000, 0x0000000100000000)
  region size 1024K, 1 young (1024K), 1 survivors (1024K)
 Metaspace       used 20508K, capacity 21161K, committed 21248K, reserved 1067008K
  class space    used 2482K, capacity 2736K, committed 2816K, reserved 1048576K
GC Heap History (10 events):
Event: 1.627 GC heap after
{Heap after GC invocations=2 (full 0):
 garbage-first heap   total 32768K, used 3638K [0x00000000e0400000, 0x0000000100000000)
  region size 1024K, 1 young (1024K), 1 survivors (1024K)
 Metaspace       used 11445K, capacity 11774K, committed 11904K, reserved 1060864K
  class space    used 1200K, capacity 1334K, committed 1408K, reserved 1048576K
}
Event: 2.215 GC heap before
{Heap before GC invocations=2 (full 0):
 garbage-first heap   total 32768K, used 11830K [0x00000000e0400000, 0x0000000100000000)
  region size 1024K, 9 young (9216K), 1 survivors (1024K)
 Metaspace       used 14216K, capacity 14590K, committed 14720K, reserved 1062912K
  class space    used 1525K, capacity 1635K, committed 1664K, reserved 1048576K
}
Event: 2.220 GC heap after
{Heap after GC invocations=3 (full 0):
 garbage-first heap   total 32768K, used 4835K [0x00000000e0400000, 0x0000000100000000)
  region size 1024K, 2 young (2048K), 2 survivors (2048K)
 Metaspace       used 14216K, capacity 14590K, committed 14720K, reserved 1062912K
  class space    used 1525K, capacity 1635K, committed 1664K, reserved 1048576K
}
Event: 2.614 GC heap before
{Heap before GC invocations=3 (full 0):
 garbage-first heap   total 32768K, used 14051K [0x00000000e0400000, 0x0000000100000000)
  region size 1024K, 11 young (11264K), 2 survivors (2048K)
 Metaspace       used 16221K, capacity 16754K, committed 16896K, reserved 1064960K
  class space    used 1812K, capacity 2005K, committed 2048K, reserved 1048576K
}
Event: 2.621 GC heap after
{Heap after GC invocations=4 (full 0):
 garbage-first heap   total 32768K, used 5590K [0x00000000e0400000, 0x0000000100000000)
  region size 1024K, 1 young (1024K), 1 survivors (1024K)
 Metaspace       used 16221K, capacity 16754K, committed 16896K, reserved 1064960K
  class space    used 1812K, capacity 2005K, committed 2048K, reserved 1048576K
}
Event: 2.964 GC heap before
{Heap before GC invocations=4 (full 0):
 garbage-first heap   total 32768K, used 14806K [0x00000000e0400000, 0x0000000100000000)
  region size 1024K, 11 young (11264K), 1 survivors (1024K)
 Metaspace       used 18289K, capacity 18850K, committed 18944K, reserved 1067008K
  class space    used 2056K, capacity 2264K, committed 2304K, reserved 1048576K
}
Event: 2.971 GC heap after
{Heap after GC invocations=5 (full 0):
 garbage-first heap   total 32768K, used 6046K [0x00000000e0400000, 0x0000000100000000)
  region size 1024K, 2 young (2048K), 2 survivors (2048K)
 Metaspace       used 18289K, capacity 18850K, committed 18944K, reserved 1067008K
  class space    used 2056K, capacity 2264K, committed 2304K, reserved 1048576K
}
Event: 3.323 GC heap before
{Heap before GC invocations=5 (full 0):
 garbage-first heap   total 32768K, used 16286K [0x00000000e0400000, 0x0000000100000000)
  region size 1024K, 12 young (12288K), 2 survivors (2048K)
 Metaspace       used 19819K, capacity 20456K, committed 20608K, reserved 1067008K
  class space    used 2392K, capacity 2630K, committed 2688K, reserved 1048576K
}
Event: 3.333 GC heap after
{Heap after GC invocations=6 (full 0):
 garbage-first heap   total 32768K, used 6501K [0x00000000e0400000, 0x0000000100000000)
  region size 1024K, 2 young (2048K), 2 survivors (2048K)
 Metaspace       used 19819K, capacity 20456K, committed 20608K, reserved 1067008K
  class space    used 2392K, capacity 2630K, committed 2688K, reserved 1048576K
}
Event: 3.784 GC heap before
{Heap before GC invocations=6 (full 0):
 garbage-first heap   total 32768K, used 8549K [0x00000000e0400000, 0x0000000100000000)
  region size 1024K, 6 young (6144K), 2 survivors (2048K)
 Metaspace       used 20508K, capacity 21161K, committed 21248K, reserved 1067008K
  class space    used 2482K, capacity 2736K, committed 2816K, reserved 1048576K
}

